                            テーブル "public.general"
     列     |   型    |                          修飾語                          
------------+---------+----------------------------------------------------------
 number     | integer | not null default nextval('general_number_seq'::regclass)
 accountid  | text    | not null
 password   | text    | not null
 publickey  | bytea   | 
 privatekey | bytea   | 
インデックス:
    "general_pkey" PRIMARY KEY, btree (number)
    "general_accountid_key" UNIQUE CONSTRAINT, btree (accountid)
参照元：
    TABLE "message" CONSTRAINT "message_number_fkey" FOREIGN KEY (number) REFERENCES general(number)

                           テーブル "public.malice"
    列     |   型    |                         修飾語                          
-----------+---------+---------------------------------------------------------
 number    | integer | not null default nextval('malice_number_seq'::regclass)
 accountid | text    | not null
 password  | text    | not null
インデックス:
    "malice_pkey" PRIMARY KEY, btree (number)
    "malice_accountid_key" UNIQUE CONSTRAINT, btree (accountid)

                             テーブル "public.message"
    列     |   型    |                           修飾語                            
-----------+---------+-------------------------------------------------------------
 messageid | integer | not null default nextval('message_messageid_seq'::regclass)
 message   | text    | 
 tst       | bytea   | 
 number    | integer | 
インデックス:
    "message_pkey" PRIMARY KEY, btree (messageid)
外部キー制約:
    "message_number_fkey" FOREIGN KEY (number) REFERENCES general(number)

